This is pdfTeX, Version 3.14159265-2.6-1.40.18 (MiKTeX 2.9.6350 64-bit) (preloaded format=pdflatex 2017.9.26)  17 DEC 2017 08:07
entering extended mode
**./coursework1.tex
(coursework1.tex
LaTeX2e <2017-04-15>
Babel <3.10> and hyphenation patterns for 75 language(s) loaded.
("C:\Program Files\MiKTeX 2.9\tex\latex\base\article.cls"
Document Class: article 2014/09/29 v1.4h Standard LaTeX document class
("C:\Program Files\MiKTeX 2.9\tex\latex\base\size10.clo"
File: size10.clo 2014/09/29 v1.4h Standard LaTeX file (size option)
)
\c@part=\count79
\c@section=\count80
\c@subsection=\count81
\c@subsubsection=\count82
\c@paragraph=\count83
\c@subparagraph=\count84
\c@figure=\count85
\c@table=\count86
\abovecaptionskip=\skip41
\belowcaptionskip=\skip42
\bibindent=\dimen102
)
("C:\Program Files\MiKTeX 2.9\tex\latex\graphics\graphicx.sty"
Package: graphicx 2014/10/28 v1.0g Enhanced LaTeX Graphics (DPC,SPQR)

("C:\Program Files\MiKTeX 2.9\tex\latex\graphics\keyval.sty"
Package: keyval 2014/10/28 v1.15 key=value parser (DPC)
\KV@toks@=\toks14
)
("C:\Program Files\MiKTeX 2.9\tex\latex\graphics\graphics.sty"
Package: graphics 2017/04/14 v1.1b Standard LaTeX Graphics (DPC,SPQR)

("C:\Program Files\MiKTeX 2.9\tex\latex\graphics\trig.sty"
Package: trig 2016/01/03 v1.10 sin cos tan (DPC)
)
("C:\Program Files\MiKTeX 2.9\tex\latex\graphics-cfg\graphics.cfg"
File: graphics.cfg 2016/06/04 v1.11 sample graphics configuration
)
Package graphics Info: Driver file: pdftex.def on input line 99.

("C:\Program Files\MiKTeX 2.9\tex\latex\graphics-def\pdftex.def"
File: pdftex.def 2017/01/12 v0.06k Graphics/color for pdfTeX

("C:\Program Files\MiKTeX 2.9\tex\generic\oberdiek\infwarerr.sty"
Package: infwarerr 2016/05/16 v1.4 Providing info/warning/error messages (HO)
)
("C:\Program Files\MiKTeX 2.9\tex\generic\oberdiek\ltxcmds.sty"
Package: ltxcmds 2016/05/16 v1.23 LaTeX kernel commands for general use (HO)
)
\Gread@gobject=\count87
))
\Gin@req@height=\dimen103
\Gin@req@width=\dimen104
)
("C:\Program Files\MiKTeX 2.9\tex\latex\graphics\color.sty"
Package: color 2016/07/10 v1.1e Standard LaTeX Color (DPC)

("C:\Program Files\MiKTeX 2.9\tex\latex\graphics-cfg\color.cfg"
File: color.cfg 2016/01/02 v1.6 sample color configuration
)
Package color Info: Driver file: pdftex.def on input line 147.
)
("C:\Program Files\MiKTeX 2.9\tex\latex\framed\framed.sty"
Package: framed 2011/10/22 v 0.96: framed or shaded text with page breaks
\OuterFrameSep=\skip43
\fb@frw=\dimen105
\fb@frh=\dimen106
\FrameRule=\dimen107
\FrameSep=\dimen108
)
("C:\Program Files\MiKTeX 2.9\tex\latex\base\alltt.sty"
Package: alltt 1997/06/16 v2.0g defines alltt environment
)
("C:\Program Files\MiKTeX 2.9\tex\latex\float\float.sty"
Package: float 2001/11/08 v1.3d Float enhancements (AL)
\c@float@type=\count88
\float@exts=\toks15
\float@box=\box26
\@float@everytoks=\toks16
\@floatcapt=\box27
)
("C:\Program Files\MiKTeX 2.9\tex\latex\ltxmisc\parskip.sty"
Package: parskip 2001/04/09 non-zero parskip adjustments
)
("C:\Program Files\MiKTeX 2.9\tex\latex\upquote\upquote.sty"
Package: upquote 2012/04/19 v1.3 upright-quote and grave-accent glyphs in verba
tim
) (coursework1.aux)
\openout1 = `coursework1.aux'.

LaTeX Font Info:    Checking defaults for OML/cmm/m/it on input line 56.
LaTeX Font Info:    ... okay on input line 56.
LaTeX Font Info:    Checking defaults for T1/cmr/m/n on input line 56.
LaTeX Font Info:    ... okay on input line 56.
LaTeX Font Info:    Checking defaults for OT1/cmr/m/n on input line 56.
LaTeX Font Info:    ... okay on input line 56.
LaTeX Font Info:    Checking defaults for OMS/cmsy/m/n on input line 56.
LaTeX Font Info:    ... okay on input line 56.
LaTeX Font Info:    Checking defaults for OMX/cmex/m/n on input line 56.
LaTeX Font Info:    ... okay on input line 56.
LaTeX Font Info:    Checking defaults for U/cmr/m/n on input line 56.
LaTeX Font Info:    ... okay on input line 56.
("C:\Program Files\MiKTeX 2.9\tex\context\base\supp-pdf.mkii"
[Loading MPS to PDF converter (version 2006.09.02).]
\scratchcounter=\count89
\scratchdimen=\dimen109
\scratchbox=\box28
\nofMPsegments=\count90
\nofMParguments=\count91
\everyMPshowfont=\toks17
\MPscratchCnt=\count92
\MPscratchDim=\dimen110
\MPnumerator=\count93
\makeMPintoPDFobject=\count94
\everyMPtoPDFconversion=\toks18
) ("C:\Program Files\MiKTeX 2.9\tex\generic\oberdiek\pdftexcmds.sty"
Package: pdftexcmds 2017/03/19 v0.25 Utility functions of pdfTeX for LuaTeX (HO
)

("C:\Program Files\MiKTeX 2.9\tex\generic\oberdiek\ifluatex.sty"
Package: ifluatex 2016/05/16 v1.4 Provides the ifluatex switch (HO)
Package ifluatex Info: LuaTeX not detected.
)
("C:\Program Files\MiKTeX 2.9\tex\generic\oberdiek\ifpdf.sty"
Package: ifpdf 2017/03/15 v3.2 Provides the ifpdf switch
)
Package pdftexcmds Info: LuaTeX not detected.
Package pdftexcmds Info: \pdf@primitive is available.
Package pdftexcmds Info: \pdf@ifprimitive is available.
Package pdftexcmds Info: \pdfdraftmode found.
)
("C:\Program Files\MiKTeX 2.9\tex\latex\oberdiek\epstopdf-base.sty"
Package: epstopdf-base 2016/05/15 v2.6 Base part for package epstopdf

("C:\Program Files\MiKTeX 2.9\tex\latex\oberdiek\grfext.sty"
Package: grfext 2016/05/16 v1.2 Manage graphics extensions (HO)

("C:\Program Files\MiKTeX 2.9\tex\generic\oberdiek\kvdefinekeys.sty"
Package: kvdefinekeys 2016/05/16 v1.4 Define keys (HO)
))
("C:\Program Files\MiKTeX 2.9\tex\latex\oberdiek\kvoptions.sty"
Package: kvoptions 2016/05/16 v3.12 Key value format for package options (HO)

("C:\Program Files\MiKTeX 2.9\tex\generic\oberdiek\kvsetkeys.sty"
Package: kvsetkeys 2016/05/16 v1.17 Key value parser (HO)

("C:\Program Files\MiKTeX 2.9\tex\generic\oberdiek\etexcmds.sty"
Package: etexcmds 2016/05/16 v1.6 Avoid name clashes with e-TeX commands (HO)
Package etexcmds Info: Could not find \expanded.
(etexcmds)             That can mean that you are not using pdfTeX 1.50 or
(etexcmds)             that some package has redefined \expanded.
(etexcmds)             In the latter case, load this package earlier.
)))
Package epstopdf-base Info: Redefining graphics rule for `.eps' on input line 4
38.
Package grfext Info: Graphics extension search list:
(grfext)             [.png,.pdf,.jpg,.mps,.jpeg,.jbig2,.jb2,.PNG,.PDF,.JPG,.JPE
G,.JBIG2,.JB2,.eps]
(grfext)             \AppendGraphicsExtensions on input line 456.
)
LaTeX Font Info:    External font `cmex10' loaded for size
(Font)              <12> on input line 60.
LaTeX Font Info:    External font `cmex10' loaded for size
(Font)              <8> on input line 60.
LaTeX Font Info:    External font `cmex10' loaded for size
(Font)              <6> on input line 60.

Overfull \hbox (30.0pt too wide) in paragraph at lines 62--63
[] 
 []


Overfull \hbox (75.55637pt too wide) in paragraph at lines 66--67
\OT1/cmr/m/n/10 the Car-a-van In-sur-ance Chal-lenge dataset avail-able here: h
ttps://www.kaggle.com/uciml/caravan-
 []

! Misplaced alignment tab character &.
<argument> Problem Statement &
                               Data Exploration
l.71 ...tion{Problem Statement & Data Exploration}
                                                  
I can't figure out why you would want to use a tab mark
here. If you just want an ampersand, the remedy is
simple: Just type `I\&' now. But if some right brace
up above has ended a previous alignment prematurely,
you're probably due for more error messages, and you
might try typing `S' now just to see what is salvageable.

Package color Info: Redefining color shadecolor on input line 76.
[1

{C:/ProgramData/MiKTeX/2.9/pdftex/config/pdftex.map}]
LaTeX Font Info:    Font shape `OT1/cmtt/bx/n' in size <10> not available
(Font)              Font shape `OT1/cmtt/m/n' tried instead on input line 79.

Overfull \hbox (1.49698pt too wide) in paragraph at lines 79--79
[][]\OT1/cmtt/m/n/10 setwd[][]([][]"D:/RGU/3rdYear/Semester1/Big Data Analytics
/Coursework/wd"[][])[][] 
 []

Package color Info: Redefining color shadecolor on input line 89.

Overfull \hbox (10.49716pt too wide) in paragraph at lines 95--95
[]\OT1/cmtt/m/n/10 ## Warning: package 'ggplot2' was built under R version 3.4.
2[] 
 []

Package color Info: Redefining color shadecolor on input line 100.
Package color Info: Redefining color shadecolor on input line 120.

Overfull \hbox (38.24666pt too wide) in paragraph at lines 141--141
[]\OT1/cmtt/m/n/10 ##  [1] "ORIGIN"   "MOSTYPE"  "MAANTHUI" "MGEMOMV"  "MGEMLEE
F" "MOSHOOFD"[] 
 []


Overfull \hbox (27.74675pt too wide) in paragraph at lines 141--141
[]\OT1/cmtt/m/n/10 ##  [7] "MGODRK"   "MGODPR"   "MGODOV"   "MGODGE"   "MRELGE"
   "MRELSA"[] 
 []


Overfull \hbox (38.24666pt too wide) in paragraph at lines 141--141
[]\OT1/cmtt/m/n/10 ## [13] "MRELOV"   "MFALLEEN" "MFGEKIND" "MFWEKIND" "MOPLHOO
G" "MOPLMIDD"[] 
 []


Overfull \hbox (38.24666pt too wide) in paragraph at lines 141--141
[]\OT1/cmtt/m/n/10 ## [19] "MOPLLAAG" "MBERHOOG" "MBERZELF" "MBERBOER" "MBERMID
D" "MBERARBG"[] 
 []


Overfull \hbox (17.24684pt too wide) in paragraph at lines 141--141
[]\OT1/cmtt/m/n/10 ## [25] "MBERARBO" "MSKA"     "MSKB1"    "MSKB2"    "MSKC"  
   "MSKD"[] 
 []


Overfull \hbox (32.9967pt too wide) in paragraph at lines 141--141
[]\OT1/cmtt/m/n/10 ## [31] "MHHUUR"   "MHKOOP"   "MAUT1"    "MAUT2"    "MAUT0" 
   "MZFONDS"[] 
 []


Overfull \hbox (38.24666pt too wide) in paragraph at lines 141--141
[]\OT1/cmtt/m/n/10 ## [37] "MZPART"   "MINKM30"  "MINK3045" "MINK4575" "MINK751
2" "MINK123M"[] 
 []


Overfull \hbox (38.24666pt too wide) in paragraph at lines 141--141
[]\OT1/cmtt/m/n/10 ## [43] "MINKGEM"  "MKOOPKLA" "PWAPART"  "PWABEDR"  "PWALAND
"  "PPERSAUT"[] 
 []


Overfull \hbox (27.74675pt too wide) in paragraph at lines 141--141
[]\OT1/cmtt/m/n/10 ## [49] "PBESAUT"  "PMOTSCO"  "PVRAAUT"  "PAANHANG" "PTRACTO
R" "PWERKT"[] 
 []


Overfull \hbox (27.74675pt too wide) in paragraph at lines 141--141
[]\OT1/cmtt/m/n/10 ## [55] "PBROM"    "PLEVEN"   "PPERSONG" "PGEZONG"  "PWAOREG
"  "PBRAND"[] 
 []


Overfull \hbox (32.9967pt too wide) in paragraph at lines 141--141
[]\OT1/cmtt/m/n/10 ## [61] "PZEILPL"  "PPLEZIER" "PFIETS"   "PINBOED"  "PBYSTAN
D" "AWAPART"[] 
 []


Overfull \hbox (32.9967pt too wide) in paragraph at lines 141--141
[]\OT1/cmtt/m/n/10 ## [67] "AWABEDR"  "AWALAND"  "APERSAUT" "ABESAUT"  "AMOTSCO
"  "AVRAAUT"[] 
 []


Overfull \hbox (38.24666pt too wide) in paragraph at lines 141--141
[]\OT1/cmtt/m/n/10 ## [73] "AAANHANG" "ATRACTOR" "AWERKT"   "ABROM"    "ALEVEN"
   "APERSONG"[] 
 []


Overfull \hbox (27.74675pt too wide) in paragraph at lines 141--141
[]\OT1/cmtt/m/n/10 ## [79] "AGEZONG"  "AWAOREG"  "ABRAND"   "AZEILPL"  "APLEZIE
R" "AFIETS"[] 
 []

<images/mainfields.png, id=9, 263.48438pt x 137.01187pt>
File: images/mainfields.png Graphic file (type png)

<use images/mainfields.png>
Package pdftex.def Info: images/mainfields.png used on input line 146.
(pdftex.def)             Requested size: 263.48372pt x 137.01154pt.

! Extra }, or forgotten \endgroup.
\@endfloatbox ...pagefalse \outer@nobreak \egroup 
                                                  \color@endbox 
l.147 \end{figure}
                  
I've deleted a group-closing symbol because it seems to be
spurious, as in `$x}$'. But perhaps the } is legitimate and
you forgot something else, as in `\hbox{$x}'. In such cases
the way to recover is to insert both the forgotten and the
deleted material, e.g., by typing `I$}'.

[2] <images/contributionfields.png, id=16, 290.58563pt x 359.84438pt>
File: images/contributionfields.png Graphic file (type png)

<use images/contributionfields.png>
Package pdftex.def Info: images/contributionfields.png used on input line 150.
(pdftex.def)             Requested size: 290.58492pt x 359.84349pt.
 [3 <./images/mainfields.png>]
<images/numberoffields.png, id=21, 290.58563pt x 358.33875pt>
File: images/numberoffields.png Graphic file (type png)

<use images/numberoffields.png>
Package pdftex.def Info: images/numberoffields.png used on input line 154.
(pdftex.def)             Requested size: 290.58492pt x 358.33788pt.
 [4 <./images/contributionfields.png>]
Package color Info: Redefining color shadecolor on input line 158.

<images/customersubtype.png, id=26, 210.03468pt x 648.92438pt>
File: images/customersubtype.png Graphic file (type png)

<use images/customersubtype.png>
Package pdftex.def Info: images/customersubtype.png used on input line 169.
(pdftex.def)             Requested size: 210.03416pt x 648.92279pt.
 [5 <./images/numberoffields.png>]
Overfull \vbox (98.92279pt too high) has occurred while \output is active []


[6 <./images/customersubtype.png>]
<images/averageage.png, id=35, 501.37312pt x 54.9553pt>
File: images/averageage.png Graphic file (type png)

<use images/averageage.png>
Package pdftex.def Info: images/averageage.png used on input line 173.
(pdftex.def)             Requested size: 501.37189pt x 54.95515pt.

Overfull \hbox (156.37189pt too wide) in paragraph at lines 173--174
[][] 
 []

<images/customermaintype.png, id=36, 182.18062pt x 237.13594pt>
File: images/customermaintype.png Graphic file (type png)

<use images/customermaintype.png>
Package pdftex.def Info: images/customermaintype.png used on input line 177.
(pdftex.def)             Requested size: 182.18016pt x 237.13535pt.

<images/percentage.png, id=37, 142.28156pt x 243.15843pt>
File: images/percentage.png Graphic file (type png)

<use images/percentage.png>
Package pdftex.def Info: images/percentage.png used on input line 181.
(pdftex.def)             Requested size: 142.2812pt x 243.15784pt.
 [7 <./images/averageage.png> <./images/customermaintype.png>] <images/totalnum
ber.png, id=44, 155.07938pt x 243.15843pt>
File: images/totalnumber.png Graphic file (type png)

<use images/totalnumber.png>
Package pdftex.def Info: images/totalnumber.png used on input line 185.
(pdftex.def)             Requested size: 155.07898pt x 243.15784pt.
 [8 <./images/percentage.png> <./images/totalnumber.png>]
Package color Info: Redefining color shadecolor on input line 191.

Overfull \hbox (38.24666pt too wide) in paragraph at lines 198--198
[][]\OT1/cmtt/m/n/10 ggplot[][](classLabelFreq,[][]aes[][]([][]x[][]=df.CARAVAN
))[] []+[] []geom_bar[][]()[] []+[] []labs[][]([][]x[][]=[][]"CARAVAN"[][])[][]
 
 []

<figure/unnamed-chunk-6-1.pdf, id=50, 505.89pt x 505.89pt>
File: figure/unnamed-chunk-6-1.pdf Graphic file (type pdf)

<use figure/unnamed-chunk-6-1.pdf>
Package pdftex.def Info: figure/unnamed-chunk-6-1.pdf used on input line 201.
(pdftex.def)             Requested size: 345.0pt x 345.00414pt.

Overfull \hbox (30.0pt too wide) in paragraph at lines 201--202
[][] 
 []


Underfull \vbox (badness 2158) detected at line 215
 []

[9 <./figure/unnamed-chunk-6-1.pdf>]
Package color Info: Redefining color shadecolor on input line 222.

Overfull \hbox (200.99524pt too wide) in paragraph at lines 230--230
[][]\OT1/cmtt/m/n/10 plot[][]<-[][]ggplot[][](custMainType,[][]aes[][]([][]x[][
]=[][]reorder[][](df.MOSHOOFD,df.MOSHOOFD,[][]function[][]([][]x[][])[][]-[][]l
ength[][](x)),[][]fill[][]=df.CARAVAN))[][] 
 []

<figure/unnamed-chunk-7-1.pdf, id=59, 505.89pt x 505.89pt>
File: figure/unnamed-chunk-7-1.pdf Graphic file (type pdf)

<use figure/unnamed-chunk-7-1.pdf>
Package pdftex.def Info: figure/unnamed-chunk-7-1.pdf used on input line 236.
(pdftex.def)             Requested size: 345.0pt x 345.00414pt.

Overfull \hbox (30.0pt too wide) in paragraph at lines 236--237
[][] 
 []

[10]
Package color Info: Redefining color shadecolor on input line 248.

Overfull \hbox (85.49625pt too wide) in paragraph at lines 256--256
[][]\OT1/cmtt/m/n/10 plot[][]<-[][]ggplot[][](wantsCaravan,[][]aes[][]([][]x[][
]=[][]reorder[][](MOSHOOFD,MOSHOOFD,[][]function[][]([][]x[][])[][]-[][]length[
][](x))))[][] 
 []

[11 <./figure/unnamed-chunk-7-1.pdf>]
<figure/unnamed-chunk-8-1.pdf, id=71, 505.89pt x 505.89pt>
File: figure/unnamed-chunk-8-1.pdf Graphic file (type pdf)

<use figure/unnamed-chunk-8-1.pdf>
Package pdftex.def Info: figure/unnamed-chunk-8-1.pdf used on input line 262.
(pdftex.def)             Requested size: 345.0pt x 345.00414pt.

Overfull \hbox (30.0pt too wide) in paragraph at lines 262--263
[][] 
 []

[12 <./figure/unnamed-chunk-8-1.pdf>]
Package color Info: Redefining color shadecolor on input line 286.

Overfull \hbox (185.24538pt too wide) in paragraph at lines 294--294
[][]\OT1/cmtt/m/n/10 plot[][]<-[][]ggplot[][](subCustType,[][]aes[][]([][]x[][]
=[][]reorder[][](df.MOSTYPE,df.MOSTYPE,[][]function[][]([][]x[][])[][]-[][]leng
th[][](x)),[][]fill[][]=df.CARAVAN))[][] 
 []

<figure/unnamed-chunk-9-1.pdf, id=80, 505.89pt x 505.89pt>
File: figure/unnamed-chunk-9-1.pdf Graphic file (type pdf)

<use figure/unnamed-chunk-9-1.pdf>
Package pdftex.def Info: figure/unnamed-chunk-9-1.pdf used on input line 300.
(pdftex.def)             Requested size: 345.0pt x 345.00414pt.

Overfull \hbox (30.0pt too wide) in paragraph at lines 300--301
[][] 
 []

[13]
Package color Info: Redefining color shadecolor on input line 313.
 [14 <./figure/unnamed-chunk-9-1.pdf>]
Overfull \hbox (74.99634pt too wide) in paragraph at lines 316--316
[][]\OT1/cmtt/m/n/10 plot[][]<-[][]ggplot[][](wantsCaravan,[][]aes[][]([][]x[][
]=[][]reorder[][](MOSTYPE,MOSTYPE,[][]function[][]([][]x[][])[][]-[][]length[][
](x))))[][] 
 []

<figure/unnamed-chunk-10-1.pdf, id=93, 505.89pt x 505.89pt>
File: figure/unnamed-chunk-10-1.pdf Graphic file (type pdf)

<use figure/unnamed-chunk-10-1.pdf>
Package pdftex.def Info: figure/unnamed-chunk-10-1.pdf used on input line 322.
(pdftex.def)             Requested size: 345.0pt x 345.00414pt.

Overfull \hbox (30.0pt too wide) in paragraph at lines 322--323
[][] 
 []

[15 <./figure/unnamed-chunk-10-1.pdf>]
Package color Info: Redefining color shadecolor on input line 346.

Overfull \hbox (6.74693pt too wide) in paragraph at lines 356--356
[][]\OT1/cmtt/m/n/10 plot[][]<-[][]plot[] []+[] []labs[][]([][]x[][]=[][]"Numbe
r of Houses"[][],[] []y[][]=[][]"Average Household Size"[][])[][] 
 []

<figure/unnamed-chunk-11-1.pdf, id=102, 505.89pt x 505.89pt>
File: figure/unnamed-chunk-11-1.pdf Graphic file (type pdf)

<use figure/unnamed-chunk-11-1.pdf>
Package pdftex.def Info: figure/unnamed-chunk-11-1.pdf used on input line 360.
(pdftex.def)             Requested size: 345.0pt x 345.00414pt.

Overfull \hbox (30.0pt too wide) in paragraph at lines 360--361
[][] 
 []

[16]
Package color Info: Redefining color shadecolor on input line 367.
 [17 <./figure/unnamed-chunk-11-1.pdf>]
<figure/unnamed-chunk-12-1.pdf, id=114, 505.89pt x 505.89pt>
File: figure/unnamed-chunk-12-1.pdf Graphic file (type pdf)

<use figure/unnamed-chunk-12-1.pdf>
Package pdftex.def Info: figure/unnamed-chunk-12-1.pdf used on input line 381.
(pdftex.def)             Requested size: 345.0pt x 345.00414pt.

Overfull \hbox (30.0pt too wide) in paragraph at lines 381--382
[][] 
 []

Package color Info: Redefining color shadecolor on input line 388.
[18 <./figure/unnamed-chunk-12-1.pdf>]
Package color Info: Redefining color shadecolor on input line 404.

Overfull \hbox (59.24648pt too wide) in paragraph at lines 408--408
[][]\OT1/cmtt/m/n/10 numberOfCarPolicies[][]$[][]df.APERSAUT[] []<-[] []as.fact
or[][](numberOfCarPolicies[][]$[][]df.APERSAUT)[][] 
 []


Overfull \hbox (48.74657pt too wide) in paragraph at lines 409--409
[][]\OT1/cmtt/m/n/10 numberOfCarPolicies[][]$[][]df.CARAVAN[] []<-[] []as.facto
r[][](numberOfCarPolicies[][]$[][]df.CARAVAN)[][] 
 []


Overfull \hbox (237.74492pt too wide) in paragraph at lines 412--412
[][]\OT1/cmtt/m/n/10 plot[][]<-[][]ggplot[][](numberOfCarPolicies,[][]aes[][]([
][]x[][]=[][]reorder[][](df.APERSAUT,df.APERSAUT,[][]function[][]([][]x[][])[][
]-[][]length[][](x)),[][]fill[][]=df.CARAVAN))[][] 
 []

<figure/unnamed-chunk-14-1.pdf, id=123, 505.89pt x 505.89pt>
File: figure/unnamed-chunk-14-1.pdf Graphic file (type pdf)

<use figure/unnamed-chunk-14-1.pdf>
Package pdftex.def Info: figure/unnamed-chunk-14-1.pdf used on input line 418.
(pdftex.def)             Requested size: 345.0pt x 345.00414pt.

Overfull \hbox (30.0pt too wide) in paragraph at lines 418--419
[][] 
 []

[19]
Package color Info: Redefining color shadecolor on input line 425.
 <figure/unnamed-chunk-15-1.pdf, id=128, 505.89pt x 505.89pt>
File: figure/unnamed-chunk-15-1.pdf Graphic file (type pdf)

<use figure/unnamed-chunk-15-1.pdf>
Package pdftex.def Info: figure/unnamed-chunk-15-1.pdf used on input line 437.
(pdftex.def)             Requested size: 345.0pt x 345.00414pt.

Overfull \hbox (30.0pt too wide) in paragraph at lines 437--438
[][] 
 []

[20 <./figure/unnamed-chunk-14-1.pdf>] [21 <./figure/unnamed-chunk-15-1.pdf>]
Package color Info: Redefining color shadecolor on input line 453.
Package color Info: Redefining color shadecolor on input line 469.

Overfull \hbox (32.9967pt too wide) in paragraph at lines 515--515
[]           []\OT1/cmtt/m/n/10 Number_of_Contribution_Private_Third_Party_Insu
rance[][]=PWAPART,[][] 
 []


Overfull \hbox (22.4968pt too wide) in paragraph at lines 516--516
[]           []\OT1/cmtt/m/n/10 Number_of_Contribution_Third_Party_Insurance_fi
rms[][]=PWABEDR,[][] 
 []


Overfull \hbox (53.99652pt too wide) in paragraph at lines 517--517
[]           []\OT1/cmtt/m/n/10 Number_of_Contribution_Third_Party_Insurance_ag
riculture[][]=PWALAND,[][] 
 []


Overfull \hbox (22.4968pt too wide) in paragraph at lines 520--520
[]           []\OT1/cmtt/m/n/10 Number_of_Contribution_Motorcycle_Scooter_Polic
ies[][]=PMOTSCO,[][] 
 []


Overfull \hbox (32.9967pt too wide) in paragraph at lines 524--524
[]           []\OT1/cmtt/m/n/10 Number_of_Contribution_Agricultural_Machines_Po
licies[][]=PWERKT,[][] 
 []


Overfull \hbox (69.74638pt too wide) in paragraph at lines 527--527
[]           []\OT1/cmtt/m/n/10 Number_of_Contribution_Private_Accident_Insuran
ce_Policies[][]=PPERSONG,[][] 
 []


Overfull \hbox (64.49643pt too wide) in paragraph at lines 528--528
[]           []\OT1/cmtt/m/n/10 Number_of_Contribution_Family_Accidents_Insuran
ce_Policies[][]=PGEZONG,[][] 
 []


Overfull \hbox (32.9967pt too wide) in paragraph at lines 529--529
[]           []\OT1/cmtt/m/n/10 Number_of_Contribution_Disability_Insurance_Pol
icies[][]=PWAOREG,[][] 
 []


Overfull \hbox (22.4968pt too wide) in paragraph at lines 534--534
[]           []\OT1/cmtt/m/n/10 Number_of_Contribution_Property_Insurance_Polic
ies[][]=PINBOED,[][] 
 []


Overfull \hbox (64.49643pt too wide) in paragraph at lines 535--535
[]           []\OT1/cmtt/m/n/10 Number_of_Contribution_Social_Security_Insuranc
e_Policies[][]=PBYSTAND,[][] 
 []


Overfull \hbox (1.49698pt too wide) in paragraph at lines 548--548
[]           []\OT1/cmtt/m/n/10 Number_of_Private_Accident_Insurance_Policies[]
[]=APERSONG,[][] 
 []

[22]
Underfull \vbox (badness 10000) detected at line 558
 []


Underfull \vbox (badness 10000) detected at line 558
 []

[23]
Package color Info: Redefining color shadecolor on input line 562.

Overfull \hbox (22.4968pt too wide) in paragraph at lines 568--568
[]                              []\OT1/cmtt/m/n/10 labels[][]=[][]c[][]([][]"Hi
gh Income, expensive child"[][],[][] 
 []


Overfull \hbox (11.99689pt too wide) in paragraph at lines 569--569
[]                                       []\OT1/cmtt/m/n/10 "Very Important Pro
vincials"[][],[][] 
 []


Overfull \hbox (11.99689pt too wide) in paragraph at lines 571--571
[]                                       []\OT1/cmtt/m/n/10 "Affluent senior ap
artments"[][],[][] 
 []


Overfull \hbox (38.24666pt too wide) in paragraph at lines 574--574
[]                                       []\OT1/cmtt/m/n/10 "Dinkis (Double in
come no kids)"[][],[][] 
 []


Overfull \hbox (6.74693pt too wide) in paragraph at lines 576--576
[]                                       []\OT1/cmtt/m/n/10 "Modern, complete f
amilies"[][],[][] 
 []


Overfull \hbox (38.24666pt too wide) in paragraph at lines 577--577
[]                                       []\OT1/cmtt/m/n/10 "Stable family"[][]
,[][]"Family starters"[][],[][] 
 []


Overfull \hbox (6.74693pt too wide) in paragraph at lines 579--579
[]                                       []\OT1/cmtt/m/n/10 "Young all american
 family"[][],[][] 
 []


Overfull \hbox (6.74693pt too wide) in paragraph at lines 583--583
[]                                       []\OT1/cmtt/m/n/10 "Fresh masters in t
he city"[][],[][] 
 []


Overfull \hbox (1.49698pt too wide) in paragraph at lines 588--588
[]                                       []\OT1/cmtt/m/n/10 "Mixed apartment dw
ellers"[][],[][] 
 []


Overfull \hbox (6.74693pt too wide) in paragraph at lines 591--591
[]                                       []\OT1/cmtt/m/n/10 "Yound seniros in t
he city"[][],[][] 
 []


Overfull \hbox (43.49661pt too wide) in paragraph at lines 595--595
[]                                       []\OT1/cmtt/m/n/10 "Porchless seniors:
 no front yard"[][],[][] 
 []


Overfull \hbox (6.74693pt too wide) in paragraph at lines 596--596
[]                                       []\OT1/cmtt/m/n/10 "Religious elderly 
singles"[][],[][] 
 []


Overfull \hbox (11.99689pt too wide) in paragraph at lines 599--599
[]                                       []\OT1/cmtt/m/n/10 "Lower class large 
families"[][],[][] 
 []


Overfull \hbox (17.24684pt too wide) in paragraph at lines 600--600
[]                                       []\OT1/cmtt/m/n/10 "Large family,emplo
yed child"[][],[][] 
 []


Overfull \hbox (95.99615pt too wide) in paragraph at lines 602--602
[]                                       []\OT1/cmtt/m/n/10 "Couples with teens
 Married with children"[][],[][] 
 []


Overfull \hbox (6.74693pt too wide) in paragraph at lines 603--603
[]                                       []\OT1/cmtt/m/n/10 "Mixed small town d
wellers"[][],[][] 
 []

LaTeX Font Info:    Try loading font information for OMS+cmtt on input line 634
.
(C:/PROGRA~1/R/R-34~1.1/share/texmf/tex/latex\omscmtt.fd
File: omscmtt.fd 
)
LaTeX Font Info:    Font shape `OMS/cmtt/m/n' in size <10> not available
(Font)              Font shape `OMS/cmsy/m/n' tried instead on input line 634.

Overfull \hbox (268.9947pt too wide) in paragraph at lines 634--634
[][]\OT1/cmtt/m/n/10 for[] [](i[] []in[] []which[][]([][]colnames[][](df)[][]==
[][]"Percentage_Roman_Catholic"[][])[][]:[][]which[][]([][]colnames[][](df)[][]
==[][]"Percentage_Purchasing_Power_Class"[][]))\OMS/cmsy/m/n/10 f[][] 
 []


Overfull \hbox (468.49297pt too wide) in paragraph at lines 650--650
[][]\OT1/cmtt/m/n/10 for[] [](i[] []in[] []which[][]([][]colnames[][](df)[][]==
[][]"Number_of_Contribution_Private_Third_Party_Insurance"[][])[][]:[][]which[]
[]([][]colnames[][](df)[][]==[][]"Number_of_Social_Security_Insurance_Policies"
[][]))\OMS/cmsy/m/n/10 f[][] 
 []

[24]
Underfull \vbox (badness 10000) detected at line 668
 []


Underfull \vbox (badness 10000) detected at line 668
 []

[25]
Package color Info: Redefining color shadecolor on input line 672.
 [26]
Package color Info: Redefining color shadecolor on input line 681.
Package color Info: Redefining color shadecolor on input line 690.
Package color Info: Redefining color shadecolor on input line 704.
Package color Info: Redefining color shadecolor on input line 716.
Package color Info: Redefining color shadecolor on input line 724.

Overfull \hbox (36.74693pt too wide) in paragraph at lines 737--738
[]\OT1/cmtt/m/n/10 ## Warning: package 'randomForest' was built under R version
 3.4.2[] 
 []

[27]
Package color Info: Redefining color shadecolor on input line 755.
Package color Info: Redefining color shadecolor on input line 766.
 [28]
Package color Info: Redefining color shadecolor on input line 787.

Overfull \hbox (17.24684pt too wide) in paragraph at lines 796--796
[]                                                 []\OT1/cmtt/m/n/10 drop[][]=
[][]FALSE[][]],[][]sep[][]=[][]""[][]))[][] 
 []


Overfull \hbox (80.24629pt too wide) in paragraph at lines 798--798
[]  []\OT1/cmtt/m/n/10 print[][]([][]paste[][]([][]"Train CARAVAN=0 Error: "[][
],model[][]$[][]err.rate[[][]nrow[][](model[][]$[][]test[][]$[][]err.rate),[][]
 
 []


Overfull \hbox (48.74657pt too wide) in paragraph at lines 800--800
[]                                                       []\OT1/cmtt/m/n/10 dro
p[][]=[][]FALSE[][]],[][]sep[][]=[][]""[][]))[][] 
 []


Overfull \hbox (80.24629pt too wide) in paragraph at lines 802--802
[]  []\OT1/cmtt/m/n/10 print[][]([][]paste[][]([][]"Train CARAVAN=1 Error: "[][
],model[][]$[][]err.rate[[][]nrow[][](model[][]$[][]test[][]$[][]err.rate),[][]
 
 []


Overfull \hbox (48.74657pt too wide) in paragraph at lines 804--804
[]                                                       []\OT1/cmtt/m/n/10 dro
p[][]=[][]FALSE[][]],[][]sep[][]=[][]""[][]))[][] 
 []


Overfull \hbox (48.74657pt too wide) in paragraph at lines 814--814
[]  []\OT1/cmtt/m/n/10 print[][]([][]paste[][]([][]"Test Error: "[][],model[][]
$[][]test[][]$[][]err.rate[[][]nrow[][](model[][]$[][]test[][]$[][]err.rate),[]
[] 
 []


Overfull \hbox (17.24684pt too wide) in paragraph at lines 816--816
[]                                                 []\OT1/cmtt/m/n/10 drop[][]=
[][]FALSE[][]],[][]sep[][]=[][]""[][]))[][] 
 []


Overfull \hbox (101.24611pt too wide) in paragraph at lines 818--818
[]  []\OT1/cmtt/m/n/10 print[][]([][]paste[][]([][]"Test CARAVAN=0 Error: "[][]
,model[][]$[][]test[][]$[][]err.rate[[][]nrow[][](model[][]$[][]test[][]$[][]er
r.rate),[][] 
 []


Overfull \hbox (69.74638pt too wide) in paragraph at lines 820--820
[]                                                           []\OT1/cmtt/m/n/10
 drop[][]=[][]FALSE[][]],[][]sep[][]=[][]""[][]))[][] 
 []


Overfull \hbox (101.24611pt too wide) in paragraph at lines 822--822
[]  []\OT1/cmtt/m/n/10 print[][]([][]paste[][]([][]"Test CARAVAN=1 Error: "[][]
,model[][]$[][]test[][]$[][]err.rate[[][]nrow[][](model[][]$[][]test[][]$[][]er
r.rate),[][] 
 []


Overfull \hbox (69.74638pt too wide) in paragraph at lines 824--824
[]                                                           []\OT1/cmtt/m/n/10
 drop[][]=[][]FALSE[][]],[][]sep[][]=[][]""[][]))[][] 
 []

[29]
Package color Info: Redefining color shadecolor on input line 834.
 <figure/unnamed-chunk-28-1.pdf, id=171, 505.89pt x 505.89pt>
File: figure/unnamed-chunk-28-1.pdf Graphic file (type pdf)

<use figure/unnamed-chunk-28-1.pdf>
Package pdftex.def Info: figure/unnamed-chunk-28-1.pdf used on input line 859.
(pdftex.def)             Requested size: 345.0pt x 345.00414pt.

Overfull \hbox (30.0pt too wide) in paragraph at lines 859--860
[][] 
 []

[30]
Package color Info: Redefining color shadecolor on input line 866.

Overfull \hbox (6.74693pt too wide) in paragraph at lines 880--880
[]  []\OT1/cmtt/m/n/10 folds[][]<-[][]createFolds[][](data[][]$[][]CARAVAN,[][]
k[][]=[][]10[][],[][]list[][]=[][]TRUE[][],[][]returnTrain[][]=[][]FALSE[][])[]
[] 
 []


Overfull \hbox (22.4968pt too wide) in paragraph at lines 894--894
[]    []\OT1/cmtt/m/n/10 trainFalse[][]<-[][]model[][]$[][]err.rate[[][]nrow[][
](model[][]$[][]test[][]$[][]err.rate),[][]2[][],[][]drop[][]=[][]FALSE[][]][][
] 
 []


Overfull \hbox (17.24684pt too wide) in paragraph at lines 895--895
[]    []\OT1/cmtt/m/n/10 trainTrue[][]<-[][]model[][]$[][]err.rate[[][]nrow[][]
(model[][]$[][]test[][]$[][]err.rate),[][]3[][],[][]drop[][]=[][]FALSE[][]][][]
 
 []


Overfull \hbox (43.49661pt too wide) in paragraph at lines 898--898
[]    []\OT1/cmtt/m/n/10 testError[][]<-[][]model[][]$[][]test[][]$[][]err.rate
[[][]nrow[][](model[][]$[][]test[][]$[][]err.rate),[][]1[][],[][]drop[][]=[][]F
ALSE[][]][][] 
 []


Overfull \hbox (43.49661pt too wide) in paragraph at lines 899--899
[]    []\OT1/cmtt/m/n/10 testFalse[][]<-[][]model[][]$[][]test[][]$[][]err.rate
[[][]nrow[][](model[][]$[][]test[][]$[][]err.rate),[][]2[][],[][]drop[][]=[][]F
ALSE[][]][][] 
 []


Overfull \hbox (38.24666pt too wide) in paragraph at lines 900--900
[]    []\OT1/cmtt/m/n/10 testTrue[][]<-[][]model[][]$[][]test[][]$[][]err.rate[
[][]nrow[][](model[][]$[][]test[][]$[][]err.rate),[][]3[][],[][]drop[][]=[][]FA
LSE[][]][][] 
 []

[31 <./figure/unnamed-chunk-28-1.pdf>]
Package color Info: Redefining color shadecolor on input line 920.
 [32]
Underfull \vbox (badness 10000) detected at line 1010
 []


Underfull \vbox (badness 10000) detected at line 1010
 []

[33]
Package color Info: Redefining color shadecolor on input line 1014.
 [34] <figure/unnamed-chunk-31-1.pdf, id=194, 505.89pt x 505.89pt>
File: figure/unnamed-chunk-31-1.pdf Graphic file (type pdf)

<use figure/unnamed-chunk-31-1.pdf>
Package pdftex.def Info: figure/unnamed-chunk-31-1.pdf used on input line 1023.

(pdftex.def)             Requested size: 345.0pt x 345.00414pt.

Overfull \hbox (30.0pt too wide) in paragraph at lines 1023--1024
[][] 
 []

<figure/unnamed-chunk-31-2.pdf, id=195, 505.89pt x 505.89pt>
File: figure/unnamed-chunk-31-2.pdf Graphic file (type pdf)

<use figure/unnamed-chunk-31-2.pdf>
Package pdftex.def Info: figure/unnamed-chunk-31-2.pdf used on input line 1027.

(pdftex.def)             Requested size: 345.0pt x 345.00414pt.

Overfull \hbox (30.0pt too wide) in paragraph at lines 1027--1028
[][] 
 []

[35 <./figure/unnamed-chunk-31-1.pdf>]
<figure/unnamed-chunk-31-3.pdf, id=207, 505.89pt x 505.89pt>
File: figure/unnamed-chunk-31-3.pdf Graphic file (type pdf)

<use figure/unnamed-chunk-31-3.pdf>
Package pdftex.def Info: figure/unnamed-chunk-31-3.pdf used on input line 1031.

(pdftex.def)             Requested size: 345.0pt x 345.00414pt.

Overfull \hbox (30.0pt too wide) in paragraph at lines 1031--1032
[][] 
 []

[36 <./figure/unnamed-chunk-31-2.pdf>]
<figure/unnamed-chunk-31-4.pdf, id=219, 505.89pt x 505.89pt>
File: figure/unnamed-chunk-31-4.pdf Graphic file (type pdf)

<use figure/unnamed-chunk-31-4.pdf>
Package pdftex.def Info: figure/unnamed-chunk-31-4.pdf used on input line 1035.

(pdftex.def)             Requested size: 345.0pt x 345.00414pt.

Overfull \hbox (30.0pt too wide) in paragraph at lines 1035--1036
[][] 
 []

[37 <./figure/unnamed-chunk-31-3.pdf>]
<figure/unnamed-chunk-31-5.pdf, id=232, 505.89pt x 505.89pt>
File: figure/unnamed-chunk-31-5.pdf Graphic file (type pdf)

<use figure/unnamed-chunk-31-5.pdf>
Package pdftex.def Info: figure/unnamed-chunk-31-5.pdf used on input line 1039.

(pdftex.def)             Requested size: 345.0pt x 345.00414pt.

Overfull \hbox (30.0pt too wide) in paragraph at lines 1039--1040
[][] 
 []

[38 <./figure/unnamed-chunk-31-4.pdf>]
<figure/unnamed-chunk-31-6.pdf, id=244, 505.89pt x 505.89pt>
File: figure/unnamed-chunk-31-6.pdf Graphic file (type pdf)

<use figure/unnamed-chunk-31-6.pdf>
Package pdftex.def Info: figure/unnamed-chunk-31-6.pdf used on input line 1043.

(pdftex.def)             Requested size: 345.0pt x 345.00414pt.

Overfull \hbox (30.0pt too wide) in paragraph at lines 1043--1044
[][] 
 []

[39 <./figure/unnamed-chunk-31-5.pdf>]
<figure/unnamed-chunk-31-7.pdf, id=256, 505.89pt x 505.89pt>
File: figure/unnamed-chunk-31-7.pdf Graphic file (type pdf)

<use figure/unnamed-chunk-31-7.pdf>
Package pdftex.def Info: figure/unnamed-chunk-31-7.pdf used on input line 1047.

(pdftex.def)             Requested size: 345.0pt x 345.00414pt.

Overfull \hbox (30.0pt too wide) in paragraph at lines 1047--1048
[][] 
 []

[40 <./figure/unnamed-chunk-31-6.pdf>]
<figure/unnamed-chunk-31-8.pdf, id=268, 505.89pt x 505.89pt>
File: figure/unnamed-chunk-31-8.pdf Graphic file (type pdf)

<use figure/unnamed-chunk-31-8.pdf>
Package pdftex.def Info: figure/unnamed-chunk-31-8.pdf used on input line 1051.

(pdftex.def)             Requested size: 345.0pt x 345.00414pt.

Overfull \hbox (30.0pt too wide) in paragraph at lines 1051--1052
[][] 
 []

[41 <./figure/unnamed-chunk-31-7.pdf>] [42 <./figure/unnamed-chunk-31-8.pdf>]
Package color Info: Redefining color shadecolor on input line 1075.

Overfull \hbox (22.4968pt too wide) in paragraph at lines 1102--1102
[]    []\OT1/cmtt/m/n/10 trainFalse[][]<-[][]model[][]$[][]err.rate[[][]nrow[][
](model[][]$[][]test[][]$[][]err.rate),[][]2[][],[][]drop[][]=[][]FALSE[][]][][
] 
 []


Overfull \hbox (17.24684pt too wide) in paragraph at lines 1103--1103
[]    []\OT1/cmtt/m/n/10 trainTrue[][]<-[][]model[][]$[][]err.rate[[][]nrow[][]
(model[][]$[][]test[][]$[][]err.rate),[][]3[][],[][]drop[][]=[][]FALSE[][]][][]
 
 []


Overfull \hbox (43.49661pt too wide) in paragraph at lines 1106--1106
[]    []\OT1/cmtt/m/n/10 testError[][]<-[][]model[][]$[][]test[][]$[][]err.rate
[[][]nrow[][](model[][]$[][]test[][]$[][]err.rate),[][]1[][],[][]drop[][]=[][]F
ALSE[][]][][] 
 []


Overfull \hbox (43.49661pt too wide) in paragraph at lines 1107--1107
[]    []\OT1/cmtt/m/n/10 testFalse[][]<-[][]model[][]$[][]test[][]$[][]err.rate
[[][]nrow[][](model[][]$[][]test[][]$[][]err.rate),[][]2[][],[][]drop[][]=[][]F
ALSE[][]][][] 
 []


Overfull \hbox (38.24666pt too wide) in paragraph at lines 1108--1108
[]    []\OT1/cmtt/m/n/10 testTrue[][]<-[][]model[][]$[][]test[][]$[][]err.rate[
[][]nrow[][](model[][]$[][]test[][]$[][]err.rate),[][]3[][],[][]drop[][]=[][]FA
LSE[][]][][] 
 []

[43]
Package color Info: Redefining color shadecolor on input line 1133.

Overfull \hbox (5.65794pt too wide) in paragraph at lines 1144--1145
[]\OT1/cmr/m/n/10 During test-ing, ntree val-ues were not high. Usu-ally 100 or
 200 was re-turned 
 []

Package color Info: Redefining color shadecolor on input line 1148.
[44] <figure/unnamed-chunk-34-1.pdf, id=298, 505.89pt x 505.89pt>
File: figure/unnamed-chunk-34-1.pdf Graphic file (type pdf)

<use figure/unnamed-chunk-34-1.pdf>
Package pdftex.def Info: figure/unnamed-chunk-34-1.pdf used on input line 1173.

(pdftex.def)             Requested size: 345.0pt x 345.00414pt.

Overfull \hbox (30.0pt too wide) in paragraph at lines 1173--1174
[][] 
 []

Package color Info: Redefining color shadecolor on input line 1179.
<figure/unnamed-chunk-35-1.pdf, id=299, 505.89pt x 505.89pt>
File: figure/unnamed-chunk-35-1.pdf Graphic file (type pdf)

<use figure/unnamed-chunk-35-1.pdf>
Package pdftex.def Info: figure/unnamed-chunk-35-1.pdf used on input line 1188.

(pdftex.def)             Requested size: 345.0pt x 345.00414pt.

Overfull \hbox (30.0pt too wide) in paragraph at lines 1188--1189
[][] 
 []

[45 <./figure/unnamed-chunk-34-1.pdf>]
<figure/unnamed-chunk-35-2.pdf, id=309, 505.89pt x 505.89pt>
File: figure/unnamed-chunk-35-2.pdf Graphic file (type pdf)

<use figure/unnamed-chunk-35-2.pdf>
Package pdftex.def Info: figure/unnamed-chunk-35-2.pdf used on input line 1192.

(pdftex.def)             Requested size: 345.0pt x 345.00414pt.

Overfull \hbox (30.0pt too wide) in paragraph at lines 1192--1193
[][] 
 []

[46 <./figure/unnamed-chunk-35-1.pdf>]
<figure/unnamed-chunk-35-3.pdf, id=321, 505.89pt x 505.89pt>
File: figure/unnamed-chunk-35-3.pdf Graphic file (type pdf)

<use figure/unnamed-chunk-35-3.pdf>
Package pdftex.def Info: figure/unnamed-chunk-35-3.pdf used on input line 1196.

(pdftex.def)             Requested size: 345.0pt x 345.00414pt.

Overfull \hbox (30.0pt too wide) in paragraph at lines 1196--1197
[][] 
 []

[47 <./figure/unnamed-chunk-35-2.pdf>]
<figure/unnamed-chunk-35-4.pdf, id=333, 505.89pt x 505.89pt>
File: figure/unnamed-chunk-35-4.pdf Graphic file (type pdf)

<use figure/unnamed-chunk-35-4.pdf>
Package pdftex.def Info: figure/unnamed-chunk-35-4.pdf used on input line 1200.

(pdftex.def)             Requested size: 345.0pt x 345.00414pt.

Overfull \hbox (30.0pt too wide) in paragraph at lines 1200--1201
[][] 
 []

[48 <./figure/unnamed-chunk-35-3.pdf>]
<figure/unnamed-chunk-35-5.pdf, id=345, 505.89pt x 505.89pt>
File: figure/unnamed-chunk-35-5.pdf Graphic file (type pdf)

<use figure/unnamed-chunk-35-5.pdf>
Package pdftex.def Info: figure/unnamed-chunk-35-5.pdf used on input line 1204.

(pdftex.def)             Requested size: 345.0pt x 345.00414pt.

Overfull \hbox (30.0pt too wide) in paragraph at lines 1204--1205
[][] 
 []

[49 <./figure/unnamed-chunk-35-4.pdf>]
<figure/unnamed-chunk-35-6.pdf, id=358, 505.89pt x 505.89pt>
File: figure/unnamed-chunk-35-6.pdf Graphic file (type pdf)

<use figure/unnamed-chunk-35-6.pdf>
Package pdftex.def Info: figure/unnamed-chunk-35-6.pdf used on input line 1208.

(pdftex.def)             Requested size: 345.0pt x 345.00414pt.

Overfull \hbox (30.0pt too wide) in paragraph at lines 1208--1209
[][] 
 []

[50 <./figure/unnamed-chunk-35-5.pdf>]
<figure/unnamed-chunk-35-7.pdf, id=370, 505.89pt x 505.89pt>
File: figure/unnamed-chunk-35-7.pdf Graphic file (type pdf)

<use figure/unnamed-chunk-35-7.pdf>
Package pdftex.def Info: figure/unnamed-chunk-35-7.pdf used on input line 1212.

(pdftex.def)             Requested size: 345.0pt x 345.00414pt.

Overfull \hbox (30.0pt too wide) in paragraph at lines 1212--1213
[][] 
 []

[51 <./figure/unnamed-chunk-35-6.pdf>]
<figure/unnamed-chunk-35-8.pdf, id=382, 505.89pt x 505.89pt>
File: figure/unnamed-chunk-35-8.pdf Graphic file (type pdf)

<use figure/unnamed-chunk-35-8.pdf>
Package pdftex.def Info: figure/unnamed-chunk-35-8.pdf used on input line 1216.

(pdftex.def)             Requested size: 345.0pt x 345.00414pt.

Overfull \hbox (30.0pt too wide) in paragraph at lines 1216--1217
[][] 
 []

[52 <./figure/unnamed-chunk-35-7.pdf>]
Package color Info: Redefining color shadecolor on input line 1234.
 [53 <./figure/unnamed-chunk-35-8.pdf>]
Overfull \hbox (22.4968pt too wide) in paragraph at lines 1257--1257
[]    []\OT1/cmtt/m/n/10 trainFalse[][]<-[][]model[][]$[][]err.rate[[][]nrow[][
](model[][]$[][]test[][]$[][]err.rate),[][]2[][],[][]drop[][]=[][]FALSE[][]][][
] 
 []


Overfull \hbox (17.24684pt too wide) in paragraph at lines 1258--1258
[]    []\OT1/cmtt/m/n/10 trainTrue[][]<-[][]model[][]$[][]err.rate[[][]nrow[][]
(model[][]$[][]test[][]$[][]err.rate),[][]3[][],[][]drop[][]=[][]FALSE[][]][][]
 
 []


Overfull \hbox (43.49661pt too wide) in paragraph at lines 1261--1261
[]    []\OT1/cmtt/m/n/10 testError[][]<-[][]model[][]$[][]test[][]$[][]err.rate
[[][]nrow[][](model[][]$[][]test[][]$[][]err.rate),[][]1[][],[][]drop[][]=[][]F
ALSE[][]][][] 
 []


Overfull \hbox (43.49661pt too wide) in paragraph at lines 1262--1262
[]    []\OT1/cmtt/m/n/10 testFalse[][]<-[][]model[][]$[][]test[][]$[][]err.rate
[[][]nrow[][](model[][]$[][]test[][]$[][]err.rate),[][]2[][],[][]drop[][]=[][]F
ALSE[][]][][] 
 []


Overfull \hbox (38.24666pt too wide) in paragraph at lines 1263--1263
[]    []\OT1/cmtt/m/n/10 testTrue[][]<-[][]model[][]$[][]test[][]$[][]err.rate[
[][]nrow[][](model[][]$[][]test[][]$[][]err.rate),[][]3[][],[][]drop[][]=[][]FA
LSE[][]][][] 
 []


Underfull \vbox (badness 10000) detected at line 1281
 []

[54]
Package color Info: Redefining color shadecolor on input line 1286.
Package color Info: Redefining color shadecolor on input line 1301.
Package color Info: Redefining color shadecolor on input line 1328.
 <figure/unnamed-chunk-39-1.pdf, id=408, 505.89pt x 505.89pt>
File: figure/unnamed-chunk-39-1.pdf Graphic file (type pdf)

<use figure/unnamed-chunk-39-1.pdf>
Package pdftex.def Info: figure/unnamed-chunk-39-1.pdf used on input line 1337.

(pdftex.def)             Requested size: 345.0pt x 345.00414pt.

Overfull \hbox (30.0pt too wide) in paragraph at lines 1337--1338
[][] 
 []

[55] <figure/unnamed-chunk-39-2.pdf, id=413, 505.89pt x 505.89pt>
File: figure/unnamed-chunk-39-2.pdf Graphic file (type pdf)

<use figure/unnamed-chunk-39-2.pdf>
Package pdftex.def Info: figure/unnamed-chunk-39-2.pdf used on input line 1341.

(pdftex.def)             Requested size: 345.0pt x 345.00414pt.

Overfull \hbox (30.0pt too wide) in paragraph at lines 1341--1342
[][] 
 []

[56 <./figure/unnamed-chunk-39-1.pdf>]
<figure/unnamed-chunk-39-3.pdf, id=425, 505.89pt x 505.89pt>
File: figure/unnamed-chunk-39-3.pdf Graphic file (type pdf)

<use figure/unnamed-chunk-39-3.pdf>
Package pdftex.def Info: figure/unnamed-chunk-39-3.pdf used on input line 1345.

(pdftex.def)             Requested size: 345.0pt x 345.00414pt.

Overfull \hbox (30.0pt too wide) in paragraph at lines 1345--1346
[][] 
 []

[57 <./figure/unnamed-chunk-39-2.pdf>]
<figure/unnamed-chunk-39-4.pdf, id=437, 505.89pt x 505.89pt>
File: figure/unnamed-chunk-39-4.pdf Graphic file (type pdf)

<use figure/unnamed-chunk-39-4.pdf>
Package pdftex.def Info: figure/unnamed-chunk-39-4.pdf used on input line 1349.

(pdftex.def)             Requested size: 345.0pt x 345.00414pt.

Overfull \hbox (30.0pt too wide) in paragraph at lines 1349--1350
[][] 
 []

[58 <./figure/unnamed-chunk-39-3.pdf>]
<figure/unnamed-chunk-39-5.pdf, id=449, 505.89pt x 505.89pt>
File: figure/unnamed-chunk-39-5.pdf Graphic file (type pdf)

<use figure/unnamed-chunk-39-5.pdf>
Package pdftex.def Info: figure/unnamed-chunk-39-5.pdf used on input line 1353.

(pdftex.def)             Requested size: 345.0pt x 345.00414pt.

Overfull \hbox (30.0pt too wide) in paragraph at lines 1353--1354
[][] 
 []

[59 <./figure/unnamed-chunk-39-4.pdf>]
<figure/unnamed-chunk-39-6.pdf, id=461, 505.89pt x 505.89pt>
File: figure/unnamed-chunk-39-6.pdf Graphic file (type pdf)

<use figure/unnamed-chunk-39-6.pdf>
Package pdftex.def Info: figure/unnamed-chunk-39-6.pdf used on input line 1357.

(pdftex.def)             Requested size: 345.0pt x 345.00414pt.

Overfull \hbox (30.0pt too wide) in paragraph at lines 1357--1358
[][] 
 []

[60 <./figure/unnamed-chunk-39-5.pdf>]
<figure/unnamed-chunk-39-7.pdf, id=473, 505.89pt x 505.89pt>
File: figure/unnamed-chunk-39-7.pdf Graphic file (type pdf)

<use figure/unnamed-chunk-39-7.pdf>
Package pdftex.def Info: figure/unnamed-chunk-39-7.pdf used on input line 1361.

(pdftex.def)             Requested size: 345.0pt x 345.00414pt.

Overfull \hbox (30.0pt too wide) in paragraph at lines 1361--1362
[][] 
 []

[61 <./figure/unnamed-chunk-39-6.pdf>]
<figure/unnamed-chunk-39-8.pdf, id=486, 505.89pt x 505.89pt>
File: figure/unnamed-chunk-39-8.pdf Graphic file (type pdf)

<use figure/unnamed-chunk-39-8.pdf>
Package pdftex.def Info: figure/unnamed-chunk-39-8.pdf used on input line 1365.

(pdftex.def)             Requested size: 345.0pt x 345.00414pt.

Overfull \hbox (30.0pt too wide) in paragraph at lines 1365--1366
[][] 
 []

[62 <./figure/unnamed-chunk-39-7.pdf>] [63 <./figure/unnamed-chunk-39-8.pdf>]
Package color Info: Redefining color shadecolor on input line 1383.

Overfull \hbox (95.99615pt too wide) in paragraph at lines 1388--1388
[][]\OT1/cmtt/m/n/10 meanDecreaseAccuracy[][]<-[][]meanDecreaseAccuracy[[][]ord
er[][]([][]-[][]meanDecreaseAccuracy),,[][]drop[][]=[][]FALSE[][]][][] 
 []

<figure/unnamed-chunk-40-1.pdf, id=509, 505.89pt x 505.89pt>
File: figure/unnamed-chunk-40-1.pdf Graphic file (type pdf)

<use figure/unnamed-chunk-40-1.pdf>
Package pdftex.def Info: figure/unnamed-chunk-40-1.pdf used on input line 1393.

(pdftex.def)             Requested size: 345.0pt x 345.00414pt.

Overfull \hbox (30.0pt too wide) in paragraph at lines 1393--1394
[][] 
 []


Overfull \hbox (32.9967pt too wide) in paragraph at lines 1398--1398
[][]\OT1/cmtt/m/n/10 meanDecreaseGini[][]<-[][]meanDecreaseGini[[][]order[][]([
][]-[][]meanDecreaseGini),,[][]drop[][]=[][]FALSE[][]][][] 
 []


Underfull \vbox (badness 2401) detected at line 1402
 []

[64 <./figure/unnamed-chunk-40-1.pdf>]
<figure/unnamed-chunk-40-2.pdf, id=519, 505.89pt x 505.89pt>
File: figure/unnamed-chunk-40-2.pdf Graphic file (type pdf)

<use figure/unnamed-chunk-40-2.pdf>
Package pdftex.def Info: figure/unnamed-chunk-40-2.pdf used on input line 1403.

(pdftex.def)             Requested size: 345.0pt x 345.00414pt.

Overfull \hbox (30.0pt too wide) in paragraph at lines 1403--1404
[][] 
 []

Package color Info: Redefining color shadecolor on input line 1408.

Overfull \hbox (32.9967pt too wide) in paragraph at lines 1411--1411
[][]\OT1/cmtt/m/n/10 cols[][]<-[][]rownames[][](meanDecreaseAccuracy[meanDecrea
seAccuracy[][]<[][]0[][],,[][]drop[][]=[][]FALSE[][]])[][] 
 []

[65 <./figure/unnamed-chunk-40-2.pdf>]
Package color Info: Redefining color shadecolor on input line 1430.

Overfull \hbox (50.48268pt too wide) in paragraph at lines 1432--1432
[][]\OT1/cmtt/m/it/10 #Build final model, with removed columns based on mean de
crease in accuracy[][] 
 []

<figure/unnamed-chunk-42-1.pdf, id=529, 505.89pt x 505.89pt>
File: figure/unnamed-chunk-42-1.pdf Graphic file (type pdf)

<use figure/unnamed-chunk-42-1.pdf>
Package pdftex.def Info: figure/unnamed-chunk-42-1.pdf used on input line 1455.

(pdftex.def)             Requested size: 345.0pt x 345.00414pt.

Overfull \hbox (30.0pt too wide) in paragraph at lines 1455--1456
[][] 
 []

[66]
Package color Info: Redefining color shadecolor on input line 1461.
 <figure/unnamed-chunk-43-1.pdf, id=533, 505.89pt x 505.89pt>
File: figure/unnamed-chunk-43-1.pdf Graphic file (type pdf)

<use figure/unnamed-chunk-43-1.pdf>
Package pdftex.def Info: figure/unnamed-chunk-43-1.pdf used on input line 1470.

(pdftex.def)             Requested size: 345.0pt x 345.00414pt.

Overfull \hbox (30.0pt too wide) in paragraph at lines 1470--1471
[][] 
 []

[67 <./figure/unnamed-chunk-42-1.pdf>]
<figure/unnamed-chunk-43-2.pdf, id=544, 505.89pt x 505.89pt>
File: figure/unnamed-chunk-43-2.pdf Graphic file (type pdf)

<use figure/unnamed-chunk-43-2.pdf>
Package pdftex.def Info: figure/unnamed-chunk-43-2.pdf used on input line 1474.

(pdftex.def)             Requested size: 345.0pt x 345.00414pt.

Overfull \hbox (30.0pt too wide) in paragraph at lines 1474--1475
[][] 
 []

[68 <./figure/unnamed-chunk-43-1.pdf>]
<figure/unnamed-chunk-43-3.pdf, id=556, 505.89pt x 505.89pt>
File: figure/unnamed-chunk-43-3.pdf Graphic file (type pdf)

<use figure/unnamed-chunk-43-3.pdf>
Package pdftex.def Info: figure/unnamed-chunk-43-3.pdf used on input line 1478.

(pdftex.def)             Requested size: 345.0pt x 345.00414pt.

Overfull \hbox (30.0pt too wide) in paragraph at lines 1478--1479
[][] 
 []

[69 <./figure/unnamed-chunk-43-2.pdf>]
<figure/unnamed-chunk-43-4.pdf, id=568, 505.89pt x 505.89pt>
File: figure/unnamed-chunk-43-4.pdf Graphic file (type pdf)

<use figure/unnamed-chunk-43-4.pdf>
Package pdftex.def Info: figure/unnamed-chunk-43-4.pdf used on input line 1482.

(pdftex.def)             Requested size: 345.0pt x 345.00414pt.

Overfull \hbox (30.0pt too wide) in paragraph at lines 1482--1483
[][] 
 []

[70 <./figure/unnamed-chunk-43-3.pdf>]
<figure/unnamed-chunk-43-5.pdf, id=580, 505.89pt x 505.89pt>
File: figure/unnamed-chunk-43-5.pdf Graphic file (type pdf)

<use figure/unnamed-chunk-43-5.pdf>
Package pdftex.def Info: figure/unnamed-chunk-43-5.pdf used on input line 1486.

(pdftex.def)             Requested size: 345.0pt x 345.00414pt.

Overfull \hbox (30.0pt too wide) in paragraph at lines 1486--1487
[][] 
 []

[71 <./figure/unnamed-chunk-43-4.pdf>]
<figure/unnamed-chunk-43-6.pdf, id=592, 505.89pt x 505.89pt>
File: figure/unnamed-chunk-43-6.pdf Graphic file (type pdf)

<use figure/unnamed-chunk-43-6.pdf>
Package pdftex.def Info: figure/unnamed-chunk-43-6.pdf used on input line 1490.

(pdftex.def)             Requested size: 345.0pt x 345.00414pt.

Overfull \hbox (30.0pt too wide) in paragraph at lines 1490--1491
[][] 
 []

[72 <./figure/unnamed-chunk-43-5.pdf>]
<figure/unnamed-chunk-43-7.pdf, id=604, 505.89pt x 505.89pt>
File: figure/unnamed-chunk-43-7.pdf Graphic file (type pdf)

<use figure/unnamed-chunk-43-7.pdf>
Package pdftex.def Info: figure/unnamed-chunk-43-7.pdf used on input line 1494.

(pdftex.def)             Requested size: 345.0pt x 345.00414pt.

Overfull \hbox (30.0pt too wide) in paragraph at lines 1494--1495
[][] 
 []

[73 <./figure/unnamed-chunk-43-6.pdf>]
<figure/unnamed-chunk-43-8.pdf, id=617, 505.89pt x 505.89pt>
File: figure/unnamed-chunk-43-8.pdf Graphic file (type pdf)

<use figure/unnamed-chunk-43-8.pdf>
Package pdftex.def Info: figure/unnamed-chunk-43-8.pdf used on input line 1498.

(pdftex.def)             Requested size: 345.0pt x 345.00414pt.

Overfull \hbox (30.0pt too wide) in paragraph at lines 1498--1499
[][] 
 []

[74 <./figure/unnamed-chunk-43-7.pdf>] [75 <./figure/unnamed-chunk-43-8.pdf>]
LaTeX Font Info:    Try loading font information for OMS+cmr on input line 1525
.

("C:\Program Files\MiKTeX 2.9\tex\latex\base\omscmr.fd"
File: omscmr.fd 2014/09/29 v2.5h Standard LaTeX font definitions
)
LaTeX Font Info:    Font shape `OMS/cmr/m/n' in size <10> not available
(Font)              Font shape `OMS/cmsy/m/n' tried instead on input line 1525.


Overfull \hbox (12.76823pt too wide) in paragraph at lines 1526--1527
[]\OT1/cmr/m/n/10 Wickham, H(2017). Pack-age 'dplyr' v0.7.4.[PDF] Avail-able at
:https://cran.r-
 []


Overfull \hbox (20.68378pt too wide) in paragraph at lines 1527--1528
[]\OT1/cmr/m/n/10 Lunardon, N(2014). Pack-age 'ROSE' V0.0-3.[PDF] Avail-able at
:https://cran.r-
 []


Overfull \hbox (118.27881pt too wide) in paragraph at lines 1528--1529
\OT1/cmr/m/n/10 ca-tion Prob-lems in R.[online] Avail-able at:https://www.analy
ticsvidhya.com/blog/2016/03/practical-
 []


Overfull \hbox (41.37009pt too wide) in paragraph at lines 1529--1530
[]\OT1/cmr/m/n/10 Liaw, A(2015). Pack-age 'ran-dom-For-est' V4.6-12. [PDF] Avai
l-able at:https://cran.r-
 []


Overfull \hbox (9.88959pt too wide) in paragraph at lines 1529--1530
\OT1/cmr/m/n/10 project.org/web/packages/randomForest/randomForest.pdf [Ac-cess
ed: 16th
 []


Overfull \hbox (97.88066pt too wide) in paragraph at lines 1530--1531
[]\OT1/cmr/m/n/10 topepo,(2017). The caret Pack-age.[online] Avail-able at:http
://topepo.github.io/caret/index.html
 []

[76] (coursework1.aux) ) 
Here is how much of TeX's memory you used:
 2005 strings out of 493323
 33013 string characters out of 3139057
 128050 words of memory out of 3000000
 5468 multiletter control sequences out of 15000+200000
 7923 words of font info for 29 fonts, out of 3000000 for 9000
 1141 hyphenation exceptions out of 8191
 39i,7n,25p,799b,270s stack positions out of 5000i,500n,10000p,200000b,50000s
<C:/Program Files/MiKTeX 2.9/fonts/type1/public/amsfont
s/cm/cmbx12.pfb><C:/Program Files/MiKTeX 2.9/fonts/type1/public/amsfonts/cm/cmi
tt10.pfb><C:/Program Files/MiKTeX 2.9/fonts/type1/public/amsfonts/cm/cmr10.pfb>
<C:/Program Files/MiKTeX 2.9/fonts/type1/public/amsfonts/cm/cmr12.pfb><C:/Progr
am Files/MiKTeX 2.9/fonts/type1/public/amsfonts/cm/cmr17.pfb><C:/Program Files/
MiKTeX 2.9/fonts/type1/public/amsfonts/cm/cmsy10.pfb><C:/Program Files/MiKTeX 2
.9/fonts/type1/public/amsfonts/cm/cmtt10.pfb>
Output written on coursework1.pdf (76 pages, 588977 bytes).
PDF statistics:
 669 PDF objects out of 1000 (max. 8388607)
 0 named destinations out of 1000 (max. 500000)
 271 words of extra memory for PDF output out of 10000 (max. 10000000)

